<?xml version="1.0" encoding="UTF-8"?>
<!-- Generated by org.testng.reporters.JUnitReportReporter -->
<testsuite hostname="Khaja-Mohinuddin" failures="0" tests="1" name="com.automatiom.placeOrder.tests.Shoes_AutoSuggestion" time="18.335" errors="0" timestamp="2024-11-10T19:02:30 IST" skipped="0">
  <testcase classname="com.automatiom.placeOrder.tests.Shoes_AutoSuggestion" name="autoSuggestion" time="18.335"/>
  <system-out/>
</testsuite> <!-- com.automatiom.placeOrder.tests.Shoes_AutoSuggestion -->
