<?xml version="1.0" encoding="UTF-8"?>
<!-- Generated by org.testng.reporters.JUnitReportReporter -->
<testsuite hostname="DESKTOP-B6SVPKI" failures="0" tests="1" name="com.automatiom.placeOrder.tests.Shoes_AutoSuggestion" time="17.674" errors="0" timestamp="2024-11-21T10:13:58 IST" skipped="0">
  <testcase classname="com.automatiom.placeOrder.tests.Shoes_AutoSuggestion" name="autoSuggestion" time="17.674"/>
  <system-out/>
</testsuite> <!-- com.automatiom.placeOrder.tests.Shoes_AutoSuggestion -->
